Release 14.7 - xst P.20131013 (nt64)
Copyright (c) 1995-2013 Xilinx, Inc.  All rights reserved.
--> Parameter TMPDIR set to xst/projnav.tmp


Total REAL time to Xst completion: 0.00 secs
Total CPU time to Xst completion: 0.07 secs
 
--> Parameter xsthdpdir set to xst


Total REAL time to Xst completion: 0.00 secs
Total CPU time to Xst completion: 0.07 secs
 
--> Reading design: Multiplier_8bit.prj

TABLE OF CONTENTS
  1) Synthesis Options Summary
  2) HDL Compilation
  3) Design Hierarchy Analysis
  4) HDL Analysis
  5) HDL Synthesis
     5.1) HDL Synthesis Report
  6) Advanced HDL Synthesis
     6.1) Advanced HDL Synthesis Report
  7) Low Level Synthesis
  8) Partition Report
  9) Final Report
	9.1) Device utilization summary
	9.2) Partition Resource Summary
	9.3) TIMING REPORT


=========================================================================
*                      Synthesis Options Summary                        *
=========================================================================
---- Source Parameters
Input File Name                    : "Multiplier_8bit.prj"
Input Format                       : mixed
Ignore Synthesis Constraint File   : NO

---- Target Parameters
Output File Name                   : "Multiplier_8bit"
Output Format                      : NGC
Target Device                      : xc3s400-5-pq208

---- Source Options
Top Module Name                    : Multiplier_8bit
Automatic FSM Extraction           : YES
FSM Encoding Algorithm             : Auto
Safe Implementation                : No
FSM Style                          : LUT
RAM Extraction                     : Yes
RAM Style                          : Auto
ROM Extraction                     : Yes
Mux Style                          : Auto
Decoder Extraction                 : YES
Priority Encoder Extraction        : Yes
Shift Register Extraction          : YES
Logical Shifter Extraction         : YES
XOR Collapsing                     : YES
ROM Style                          : Auto
Mux Extraction                     : Yes
Resource Sharing                   : YES
Asynchronous To Synchronous        : NO
Multiplier Style                   : Auto
Automatic Register Balancing       : No

---- Target Options
Add IO Buffers                     : YES
Global Maximum Fanout              : 500
Add Generic Clock Buffer(BUFG)     : 8
Register Duplication               : YES
Slice Packing                      : YES
Optimize Instantiated Primitives   : NO
Use Clock Enable                   : Yes
Use Synchronous Set                : Yes
Use Synchronous Reset              : Yes
Pack IO Registers into IOBs        : Auto
Equivalent register Removal        : YES

---- General Options
Optimization Goal                  : Speed
Optimization Effort                : 1
Keep Hierarchy                     : No
Netlist Hierarchy                  : As_Optimized
RTL Output                         : Yes
Global Optimization                : AllClockNets
Read Cores                         : YES
Write Timing Constraints           : NO
Cross Clock Analysis               : NO
Hierarchy Separator                : /
Bus Delimiter                      : <>
Case Specifier                     : Maintain
Slice Utilization Ratio            : 100
BRAM Utilization Ratio             : 100
Verilog 2001                       : YES
Auto BRAM Packing                  : NO
Slice Utilization Ratio Delta      : 5

=========================================================================


=========================================================================
*                          HDL Compilation                              *
=========================================================================
Compiling vhdl file "C:/Users/vboxuser/Desktop/ise/ALU/sasas.vhd" in Library work.
Architecture behavioral of Entity full_adder_1bit is up to date.
Compiling vhdl file "C:/Users/vboxuser/Desktop/ise/ALU/dfdf.vhd" in Library work.
Architecture structural of Entity full_adder_8bit is up to date.
Compiling vhdl file "C:/Users/vboxuser/Desktop/ise/ALU/fdf.vhd" in Library work.
Architecture behavioral of Entity multiplier_8bit is up to date.

=========================================================================
*                     Design Hierarchy Analysis                         *
=========================================================================
Analyzing hierarchy for entity <Multiplier_8bit> in library <work> (architecture <behavioral>).

Analyzing hierarchy for entity <full_adder_8bit> in library <work> (architecture <structural>).

Analyzing hierarchy for entity <full_adder_1bit> in library <work> (architecture <behavioral>).


=========================================================================
*                            HDL Analysis                               *
=========================================================================
Analyzing Entity <Multiplier_8bit> in library <work> (Architecture <behavioral>).
Entity <Multiplier_8bit> analyzed. Unit <Multiplier_8bit> generated.

Analyzing Entity <full_adder_8bit> in library <work> (Architecture <structural>).
Entity <full_adder_8bit> analyzed. Unit <full_adder_8bit> generated.

Analyzing Entity <full_adder_1bit> in library <work> (Architecture <behavioral>).
Entity <full_adder_1bit> analyzed. Unit <full_adder_1bit> generated.


=========================================================================
*                           HDL Synthesis                               *
=========================================================================

Performing bidirectional port resolution...

Synthesizing Unit <full_adder_1bit>.
    Related source file is "C:/Users/vboxuser/Desktop/ise/ALU/sasas.vhd".
    Found 1-bit register for signal <Cout>.
    Found 1-bit register for signal <Sum>.
    Found 1-bit xor3 for signal <Sum$xor0000> created at line 24.
    Summary:
	inferred   2 D-type flip-flop(s).
	inferred   1 Xor(s).
Unit <full_adder_1bit> synthesized.


Synthesizing Unit <full_adder_8bit>.
    Related source file is "C:/Users/vboxuser/Desktop/ise/ALU/dfdf.vhd".
Unit <full_adder_8bit> synthesized.


Synthesizing Unit <Multiplier_8bit>.
    Related source file is "C:/Users/vboxuser/Desktop/ise/ALU/fdf.vhd".
WARNING:Xst:1780 - Signal <C_temp<6>> is never used or assigned. This unconnected signal will be trimmed during the optimization process.
WARNING:Xst:646 - Signal <A_B_8> is assigned but never used. This unconnected signal will be trimmed during the optimization process.
Unit <Multiplier_8bit> synthesized.


=========================================================================
HDL Synthesis Report

Macro Statistics
# Registers                                            : 112
 1-bit register                                        : 112
# Xors                                                 : 56
 1-bit xor3                                            : 56

=========================================================================

=========================================================================
*                       Advanced HDL Synthesis                          *
=========================================================================


=========================================================================
Advanced HDL Synthesis Report

Macro Statistics
# Registers                                            : 112
 Flip-Flops                                            : 112
# Xors                                                 : 56
 1-bit xor3                                            : 56

=========================================================================

=========================================================================
*                         Low Level Synthesis                           *
=========================================================================

Optimizing unit <Multiplier_8bit> ...

Optimizing unit <full_adder_8bit> ...

Mapping all equations...
WARNING:Xst:1710 - FF/Latch <FA4/F0/Sum> (without init value) has a constant value of 0 in block <Multiplier_8bit>. This FF/Latch will be trimmed during the optimization process.
Building and optimizing final netlist ...
Found area constraint ratio of 100 (+ 5) on block Multiplier_8bit, actual ratio is 2.

Final Macro Processing ...

=========================================================================
Final Register Report

Macro Statistics
# Registers                                            : 111
 Flip-Flops                                            : 111

=========================================================================

=========================================================================
*                           Partition Report                            *
=========================================================================

Partition Implementation Status
-------------------------------

  No Partitions were found in this design.

-------------------------------

=========================================================================
*                            Final Report                               *
=========================================================================
Final Results
RTL Top Level Output File Name     : Multiplier_8bit.ngr
Top Level Output File Name         : Multiplier_8bit
Output Format                      : NGC
Optimization Goal                  : Speed
Keep Hierarchy                     : No

Design Statistics
# IOs                              : 34

Cell Usage :
# BELS                             : 151
#      GND                         : 1
#      INV                         : 1
#      LUT2                        : 63
#      LUT3                        : 72
#      LUT4                        : 14
# FlipFlops/Latches                : 111
#      FDR                         : 111
# Clock Buffers                    : 1
#      BUFGP                       : 1
# IO Buffers                       : 32
#      IBUF                        : 16
#      OBUF                        : 16
=========================================================================

Device utilization summary:
---------------------------

Selected Device : 3s400pq208-5 

 Number of Slices:                       86  out of   3584     2%  
 Number of Slice Flip Flops:            110  out of   7168     1%  
 Number of 4 input LUTs:                150  out of   7168     2%  
 Number of IOs:                          34
 Number of bonded IOBs:                  33  out of    141    23%  
    IOB Flip Flops:                       1
 Number of GCLKs:                         1  out of      8    12%  

---------------------------
Partition Resource Summary:
---------------------------

  No Partitions were found in this design.

---------------------------


=========================================================================
TIMING REPORT

NOTE: THESE TIMING NUMBERS ARE ONLY A SYNTHESIS ESTIMATE.
      FOR ACCURATE TIMING INFORMATION PLEASE REFER TO THE TRACE REPORT
      GENERATED AFTER PLACE-and-ROUTE.

Clock Information:
------------------
-----------------------------------+------------------------+-------+
Clock Signal                       | Clock buffer(FF name)  | Load  |
-----------------------------------+------------------------+-------+
clk                                | BUFGP                  | 111   |
-----------------------------------+------------------------+-------+

Asynchronous Control Signals Information:
----------------------------------------
No asynchronous control signals found in this design

Timing Summary:
---------------
Speed Grade: -5

   Minimum period: 2.196ns (Maximum Frequency: 455.280MHz)
   Minimum input arrival time before clock: 4.727ns
   Maximum output required time after clock: 6.216ns
   Maximum combinational path delay: 7.999ns

Timing Detail:
--------------
All values displayed in nanoseconds (ns)

=========================================================================
Timing constraint: Default period analysis for Clock 'clk'
  Clock period: 2.196ns (frequency: 455.280MHz)
  Total number of paths / destination ports: 179 / 109
-------------------------------------------------------------------------
Delay:               2.196ns (Levels of Logic = 1)
  Source:            FA6/F1/Sum (FF)
  Destination:       FA7/F0/Cout (FF)
  Source Clock:      clk rising
  Destination Clock: clk rising

  Data Path: FA6/F1/Sum to FA7/F0/Cout
                                Gate     Net
    Cell:in->out      fanout   Delay   Delay  Logical Name (Net Name)
    ----------------------------------------  ------------
     FDR:C->Q              2   0.626   0.915  FA6/F1/Sum (FA6/F1/Sum)
     LUT2:I1->O            1   0.479   0.000  FA7/F0/Cout_or00001 (FA7/F0/Cout_or0000)
     FDR:D                     0.176          FA7/F0/Cout
    ----------------------------------------
    Total                      2.196ns (1.281ns logic, 0.915ns route)
                                       (58.3% logic, 41.7% route)

=========================================================================
Timing constraint: Default OFFSET IN BEFORE for Clock 'clk'
  Total number of paths / destination ports: 331 / 207
-------------------------------------------------------------------------
Offset:              4.727ns (Levels of Logic = 2)
  Source:            start (PAD)
  Destination:       FA7/F0/Cout (FF)
  Destination Clock: clk rising

  Data Path: start to FA7/F0/Cout
                                Gate     Net
    Cell:in->out      fanout   Delay   Delay  Logical Name (Net Name)
    ----------------------------------------  ------------
     IBUF:I->O             1   0.715   0.681  start_IBUF (start_IBUF)
     INV:I->O            111   0.479   1.960  FA7/F0/start_inv1_INV_0 (FA1/F0/start_inv)
     FDR:R                     0.892          FA1/F0/Cout
    ----------------------------------------
    Total                      4.727ns (2.086ns logic, 2.641ns route)
                                       (44.1% logic, 55.9% route)

=========================================================================
Timing constraint: Default OFFSET OUT AFTER for Clock 'clk'
  Total number of paths / destination ports: 14 / 14
-------------------------------------------------------------------------
Offset:              6.216ns (Levels of Logic = 1)
  Source:            FA7/F7/Cout (FF)
  Destination:       Y<15> (PAD)
  Source Clock:      clk rising

  Data Path: FA7/F7/Cout to Y<15>
                                Gate     Net
    Cell:in->out      fanout   Delay   Delay  Logical Name (Net Name)
    ----------------------------------------  ------------
     FDR:C->Q              1   0.626   0.681  FA7/F7/Cout (FA7/F7/Cout)
     OBUF:I->O                 4.909          Y_15_OBUF (Y<15>)
    ----------------------------------------
    Total                      6.216ns (5.535ns logic, 0.681ns route)
                                       (89.0% logic, 11.0% route)

=========================================================================
Timing constraint: Default path analysis
  Total number of paths / destination ports: 2 / 1
-------------------------------------------------------------------------
Delay:               7.999ns (Levels of Logic = 3)
  Source:            A<0> (PAD)
  Destination:       Y<0> (PAD)

  Data Path: A<0> to Y<0>
                                Gate     Net
    Cell:in->out      fanout   Delay   Delay  Logical Name (Net Name)
    ----------------------------------------  ------------
     IBUF:I->O             8   0.715   1.216  A_0_IBUF (A_0_IBUF)
     LUT2:I0->O            1   0.479   0.681  Y_0_and00001 (Y_0_OBUF)
     OBUF:I->O                 4.909          Y_0_OBUF (Y<0>)
    ----------------------------------------
    Total                      7.999ns (6.103ns logic, 1.896ns route)
                                       (76.3% logic, 23.7% route)

=========================================================================


Total REAL time to Xst completion: 2.00 secs
Total CPU time to Xst completion: 2.66 secs
 
--> 

Total memory usage is 4501328 kilobytes

Number of errors   :    0 (   0 filtered)
Number of warnings :    3 (   0 filtered)
Number of infos    :    0 (   0 filtered)

