Release 14.7 - ngc2edif P.20131013 (nt64)
Copyright (c) 1995-2013 Xilinx, Inc.  All rights reserved.
Reading design alu_top.ngc ...
WARNING:NetListWriters:298 - No output is written to alu_top.xncf, ignored.
Processing design ...
   Preping design's networks ...
   Preping design's macros ...
WARNING:NetListWriters:306 - Signal bus alu12/div/Madd_EAQ_7_4_add0000_lut<3 :
   0> on block alu_top is not reconstructed, because there are some missing bus
   signals.
WARNING:NetListWriters:306 - Signal bus alu12/div/Madd_EAQ_8_4_add0002_Madd_cy<2
   : 0> on block alu_top is not reconstructed, because there are some missing
   bus signals.
WARNING:NetListWriters:306 - Signal bus alu12/div/Madd_EAQ_8_4_add0003_Madd_cy<2
   : 0> on block alu_top is not reconstructed, because there are some missing
   bus signals.
WARNING:NetListWriters:306 - Signal bus alu12/div/Madd_EAQ_8_4_add0004_Madd_cy<2
   : 0> on block alu_top is not reconstructed, because there are some missing
   bus signals.
WARNING:NetListWriters:306 - Signal bus alu12/multiplier1/ADHD2/Madd_result_cy<3
   : 1> on block alu_top is not reconstructed, because there are some missing
   bus signals.
WARNING:NetListWriters:306 - Signal bus alu12/multiplier1/S1<3 : 1> on block
   alu_top is not reconstructed, because there are some missing bus signals.
WARNING:NetListWriters:306 - Signal bus alu12/out5<7 : 1> on block alu_top is
   not reconstructed, because there are some missing bus signals.
  finished :Prep
Writing EDIF netlist file alu_top.edif ...
ngc2edif: Total memory usage is 79612 kilobytes

